[01m[K/home/natan/ros2_ws/src/comunicacao_llm/src/llm_ia_node.cpp:[m[K In member function â€˜[01m[Kvoid Gemini_Node::[01;32m[Kquery_gemini[m[K(const std::string&)[m[Kâ€™:
[01m[K/home/natan/ros2_ws/src/comunicacao_llm/src/llm_ia_node.cpp:54:31:[m[K [01;31m[Kerror: [m[Kexpected primary-expression before â€˜[01m[Kbody_json[m[Kâ€™
   54 |         json body_json = json [01;31m[Kbody_json[m[K = {
      |                               [01;31m[K^~~~~~~~~[m[K
[01m[K/home/natan/ros2_ws/src/comunicacao_llm/src/llm_ia_node.cpp:67:9:[m[K [01;31m[Kerror: [m[Kexpected â€˜[01m[K,[m[Kâ€™ or â€˜[01m[K;[m[Kâ€™ before â€˜[01m[Kstd[m[Kâ€™
   67 |         [01;31m[Kstd[m[K::string request_body = body_json.dump();
      |         [01;31m[K^~~[m[K
In file included from [01m[K/home/natan/ros2_ws/src/comunicacao_llm/src/llm_ia_node.cpp:3[m[K:
[01m[K/home/natan/ros2_ws/src/comunicacao_llm/src/llm_ia_node.cpp:76:52:[m[K [01;31m[Kerror: [m[Kâ€˜[01m[Krequest_body[m[Kâ€™ was not declared in this scope
   76 |         curl_easy_setopt(curl, CURLOPT_POSTFIELDS, [01;31m[Krequest_body[m[K.c_str());
      |                                                    [01;31m[K^~~~~~~~~~~~[m[K
gmake[2]: *** [CMakeFiles/llm_ia_node.dir/build.make:76: CMakeFiles/llm_ia_node.dir/src/llm_ia_node.cpp.o] Error 1
gmake[1]: *** [CMakeFiles/Makefile2:137: CMakeFiles/llm_ia_node.dir/all] Error 2
gmake: *** [Makefile:146: all] Error 2
